  Building 'ext4fsd' with toolset 'WindowsKernelModeDriver10.0' and the 'Universal' target platform.
  Stamping x64\Debug\ext4fsd.inf [Version] section with DriverVer=07/22/2016,17.0.47.134
  ext4_create.c
  ext4_data.c
  ext4_extent.c
ext4_extent.c(42): error C2220: warning treated as error - no 'object' file generated
ext4_extent.c(42): warning C4115: 'ext4_extent_header': named type definition in parentheses
ext4_extent.c(45): error C4013: 'EXT4_EXTENT_TAIL_OFFSET' undefined; assuming extern returning int
ext4_extent.c(48): warning C4115: 'ext4_inode': named type definition in parentheses
ext4_extent.c(50): error C2037: left of 'blocks' specifies undefined struct/union 'ext4_inode'
ext4_extent.c(50): warning C4033: 'ext_inode_hdr' must return a value
ext4_extent.c(53): warning C4115: 'ext4_block': named type definition in parentheses
ext4_extent.c(55): error C2037: left of 'data' specifies undefined struct/union 'ext4_block'
ext4_extent.c(55): warning C4033: 'ext_block_hdr' must return a value
ext4_extent.c(58): error C2061: syntax error: identifier 'ext_depth'
ext4_extent.c(58): error C2059: syntax error: ';'
ext4_extent.c(58): error C2059: syntax error: '<parameter-list>'
ext4_extent.c(63): error C2061: syntax error: identifier 'ext4_ext_get_actual_len'
ext4_extent.c(63): error C2059: syntax error: ';'
ext4_extent.c(63): warning C4115: 'ext4_extent': named type definition in parentheses
ext4_extent.c(63): error C2059: syntax error: '<parameter-list>'
ext4_extent.c(72): error C2037: left of 'block_count' specifies undefined struct/union 'ext4_extent'
ext4_extent.c(72): error C4013: 'to_le16' undefined; assuming extern returning int
ext4_extent.c(72): error C4013: 'ext4_ext_get_actual_len' undefined; assuming extern returning int
ext4_extent.c(77): error C2037: left of 'block_count' specifies undefined struct/union 'ext4_extent'
ext4_extent.c(77): error C2065: 'EXT_INIT_MAX_LEN': undeclared identifier
ext4_extent.c(83): error C2037: left of 'block_count' specifies undefined struct/union 'ext4_extent'
ext4_extent.c(83): error C2065: 'EXT_INIT_MAX_LEN': undeclared identifier
ext4_extent.c(94): error C4013: 'to_le32' undefined; assuming extern returning int
ext4_extent.c(94): error C2037: left of 'start_lo' specifies undefined struct/union 'ext4_extent'
ext4_extent.c(95): error C2037: left of 'start_hi' specifies undefined struct/union 'ext4_extent'
ext4_extent.c(103): warning C4115: 'ext4_extent_index': named type definition in parentheses
ext4_extent.c(107): error C2037: left of 'leaf_lo' specifies undefined struct/union 'ext4_extent_index'
ext4_extent.c(108): error C2037: left of 'leaf_hi' specifies undefined struct/union 'ext4_extent_index'
ext4_extent.c(119): error C2037: left of 'start_lo' specifies undefined struct/union 'ext4_extent'
ext4_extent.c(119): error C2065: 'uint32_t': undeclared identifier
ext4_extent.c(119): error C2064: term does not evaluate to a function taking 337 arguments
ext4_extent.c(120): error C2037: left of 'start_hi' specifies undefined struct/union 'ext4_extent'
ext4_extent.c(120): error C2065: 'uint16_t': undeclared identifier
ext4_extent.c(120): error C2064: term does not evaluate to a function taking 337 arguments
ext4_extent.c(130): error C2037: left of 'leaf_lo' specifies undefined struct/union 'ext4_extent_index'
ext4_extent.c(130): error C2065: 'uint32_t': undeclared identifier
ext4_extent.c(130): error C2064: term does not evaluate to a function taking 337 arguments
ext4_extent.c(131): error C2037: left of 'leaf_hi' specifies undefined struct/union 'ext4_extent_index'
ext4_extent.c(131): error C2065: 'uint16_t': undeclared identifier
ext4_extent.c(131): error C2064: term does not evaluate to a function taking 337 arguments
ext4_extent.c(134): warning C4115: 'ext4_inode_ref': named type definition in parentheses
ext4_extent.c(137): error C4013: 'ext4_balloc_alloc_block' undefined; assuming extern returning int
ext4_extent.c(142): error C2146: syntax error: missing ')' before identifier 'flags'
ext4_extent.c(142): error C2081: 'uint32_t': name in formal parameter list illegal
ext4_extent.c(142): error C2061: syntax error: identifier 'flags'
ext4_extent.c(142): error C2059: syntax error: ';'
ext4_extent.c(143): error C2143: syntax error: missing ';' before '*'
ext4_extent.c(143): warning C4218: nonstandard extension used: must specify at least a storage class or a type
ext4_extent.c(143): error C2059: syntax error: 'type'
ext4_extent.c(143): error C2059: syntax error: ')'
ext4_extent.c(154): error C2146: syntax error: missing ')' before identifier 'count'
ext4_extent.c(154): error C2081: 'uint32_t': name in formal parameter list illegal
ext4_extent.c(154): error C2061: syntax error: identifier 'count'
ext4_extent.c(154): error C2059: syntax error: ';'
ext4_extent.c(154): error C2059: syntax error: ','
ext4_extent.c(155): error C2059: syntax error: ')'
ext4_extent.c(160): error C2061: syntax error: identifier 'ext4_ext_space_block'
ext4_extent.c(160): error C2059: syntax error: ';'
ext4_extent.c(160): error C2059: syntax error: '<parameter-list>'
ext4_extent.c(174): error C2061: syntax error: identifier 'ext4_ext_space_block_idx'
ext4_extent.c(174): error C2059: syntax error: ';'
ext4_extent.c(174): error C2059: syntax error: '<parameter-list>'
ext4_extent.c(188): error C2061: syntax error: identifier 'ext4_ext_space_root'
ext4_extent.c(188): error C2059: syntax error: ';'
ext4_extent.c(188): error C2059: syntax error: '<parameter-list>'
ext4_extent.c(202): error C2061: syntax error: identifier 'ext4_ext_space_root_idx'
ext4_extent.c(202): error C2059: syntax error: ';'
ext4_extent.c(202): error C2059: syntax error: '<parameter-list>'
ext4_extent.c(216): error C2061: syntax error: identifier 'ext4_ext_max_entries'
ext4_extent.c(216): error C2059: syntax error: ';'
ext4_extent.c(216): error C2059: syntax error: '<parameter-list>'
ext4_extent.c(237): warning C4115: 'ext4_extent_path': named type definition in parentheses
ext4_extent.c(241): error C2146: syntax error: missing ';' before identifier 'depth'
ext4_extent.c(241): error C2065: 'depth': undeclared identifier
ext4_extent.c(241): error C2037: left of 'depth' specifies undefined struct/union 'ext4_extent_path'
ext4_extent.c(261): error C2065: 'depth': undeclared identifier
ext4_extent.c(261): error C2037: left of 'extent' specifies undefined struct/union 'ext4_extent_path'
ext4_extent.c(264): error C2037: left of 'first_block' specifies undefined struct/union 'ext4_extent'
ext4_extent.c(274): error C2065: 'depth': undeclared identifier
ext4_extent.c(274): error C2037: left of 'block' specifies undefined struct/union 'ext4_extent_path'
ext4_extent.c(275): error C2065: 'depth': undeclared identifier
ext4_extent.c(275): error C2037: left of 'block' specifies undefined struct/union 'ext4_extent_path'
ext4_extent.c(275): warning C4033: 'ext4_ext_find_goal' must return a value
ext4_extent.c(279): error C4013: 'ext4_fs_inode_to_goal_block' undefined; assuming extern returning int
ext4_extent.c(288): error C2146: syntax error: missing ')' before identifier 'flags'
ext4_extent.c(288): error C2081: 'uint32_t': name in formal parameter list illegal
ext4_extent.c(288): error C2061: syntax error: identifier 'flags'
ext4_extent.c(288): error C2059: syntax error: ';'
ext4_extent.c(288): error C2059: syntax error: ')'
ext4_extent.c(289): error C2449: found '{' at file scope (missing function header?)
ext4_extent.c(295): error C2059: syntax error: '}'
ext4_extent.c(338): error C2037: left of 'block' specifies undefined struct/union 'ext4_extent_path'
ext4_extent.c(339): error C4013: 'ext4_trans_set_block_dirty' undefined; assuming extern returning int
ext4_extent.c(339): error C2037: left of 'block' specifies undefined struct/union 'ext4_extent_path'
ext4_extent.c(341): error C2037: left of 'dirty' specifies undefined struct/union 'ext4_inode_ref'
ext4_extent.c(341): error C2065: 'true': undeclared identifier
ext4_extent.c(343): error C2065: 'EOK': undeclared identifier
ext4_extent.c(347): error C2146: syntax error: missing ')' before identifier 'keep_other'
ext4_extent.c(347): error C2081: 'bool': name in formal parameter list illegal
ext4_extent.c(347): error C2061: syntax error: identifier 'keep_other'
ext4_extent.c(347): error C2059: syntax error: ';'
ext4_extent.c(347): error C2059: syntax error: ')'
ext4_extent.c(348): error C2449: found '{' at file scope (missing function header?)
ext4_extent.c(367): error C2059: syntax error: '}'
ext4_extent.c(419): error C2146: syntax error: missing ')' before identifier 'depth'
ext4_extent.c(419): error C2081: 'int32_t': name in formal parameter list illegal
ext4_extent.c(419): error C2061: syntax error: identifier 'depth'
ext4_extent.c(419): error C2059: syntax error: ';'
ext4_extent.c(419): error C2059: syntax error: ','
ext4_extent.c(421): error C2059: syntax error: ')'
ext4_extent.c(449): error C2037: left of 'header' specifies undefined struct/union 'ext4_extent_path'
ext4_extent.c(452): error C4013: 'EXT_FIRST_INDEX' undefined; assuming extern returning int
ext4_extent.c(452): warning C4047: '=': 'ext4_extent_index *' differs in levels of indirection from 'int'
ext4_extent.c(453): error C4013: 'EXT_LAST_INDEX' undefined; assuming extern returning int
ext4_extent.c(453): warning C4047: '=': 'ext4_extent_index *' differs in levels of indirection from 'int'
ext4_extent.c(455): error C2036: 'ext4_extent_index *': unknown size
ext4_extent.c(456): error C2037: left of 'first_block' specifies undefined struct/union 'ext4_extent_index'
ext4_extent.c(457): error C2036: 'ext4_extent_index *': unknown size
ext4_extent.c(459): error C2036: 'ext4_extent_index *': unknown size
ext4_extent.c(462): error C2037: left of 'index' specifies undefined struct/union 'ext4_extent_path'
ext4_extent.c(462): error C2036: 'ext4_extent_index *': unknown size
ext4_extent.c(472): error C2037: left of 'header' specifies undefined struct/union 'ext4_extent_path'
ext4_extent.c(475): error C2037: left of 'entries_count' specifies undefined struct/union 'ext4_extent_header'
ext4_extent.c(475): fatal error C1003: error count exceeds 100; stopping compilation
  ext4_init.c
  Generating Code...
